2024-04-01 00:34:31.474 INFO  org.apache.shiro.session.mgt.AbstractValidatingSessionManager Line:275 - Validating all active sessions...
2024-04-01 00:34:31.791 INFO  org.apache.shiro.session.mgt.AbstractValidatingSessionManager Line:308 - Finished session validation.  No sessions were stopped.
2024-04-01 01:33:32.437 INFO  org.apache.shiro.session.mgt.AbstractValidatingSessionManager Line:275 - Validating all active sessions...
2024-04-01 01:33:32.438 INFO  org.apache.shiro.session.mgt.AbstractValidatingSessionManager Line:308 - Finished session validation.  No sessions were stopped.
2024-04-01 02:33:32.444 INFO  org.apache.shiro.session.mgt.AbstractValidatingSessionManager Line:275 - Validating all active sessions...
2024-04-01 02:33:32.445 INFO  org.apache.shiro.session.mgt.AbstractValidatingSessionManager Line:308 - Finished session validation.  No sessions were stopped.
2024-04-01 03:33:32.438 INFO  org.apache.shiro.session.mgt.AbstractValidatingSessionManager Line:275 - Validating all active sessions...
2024-04-01 03:33:32.438 INFO  org.apache.shiro.session.mgt.AbstractValidatingSessionManager Line:308 - Finished session validation.  No sessions were stopped.
2024-04-01 04:33:32.437 INFO  org.apache.shiro.session.mgt.AbstractValidatingSessionManager Line:275 - Validating all active sessions...
2024-04-01 04:33:32.438 INFO  org.apache.shiro.session.mgt.AbstractValidatingSessionManager Line:308 - Finished session validation.  No sessions were stopped.
2024-04-01 05:33:32.445 INFO  org.apache.shiro.session.mgt.AbstractValidatingSessionManager Line:275 - Validating all active sessions...
2024-04-01 05:33:32.445 INFO  org.apache.shiro.session.mgt.AbstractValidatingSessionManager Line:308 - Finished session validation.  No sessions were stopped.
2024-04-01 06:33:32.439 INFO  org.apache.shiro.session.mgt.AbstractValidatingSessionManager Line:275 - Validating all active sessions...
2024-04-01 06:33:32.440 INFO  org.apache.shiro.session.mgt.AbstractValidatingSessionManager Line:308 - Finished session validation.  No sessions were stopped.
2024-04-01 07:33:32.447 INFO  org.apache.shiro.session.mgt.AbstractValidatingSessionManager Line:275 - Validating all active sessions...
2024-04-01 07:33:32.447 INFO  org.apache.shiro.session.mgt.AbstractValidatingSessionManager Line:308 - Finished session validation.  No sessions were stopped.
2024-04-01 08:33:32.444 INFO  org.apache.shiro.session.mgt.AbstractValidatingSessionManager Line:275 - Validating all active sessions...
2024-04-01 08:33:32.444 INFO  org.apache.shiro.session.mgt.AbstractValidatingSessionManager Line:308 - Finished session validation.  No sessions were stopped.
2024-04-01 09:33:32.445 INFO  org.apache.shiro.session.mgt.AbstractValidatingSessionManager Line:275 - Validating all active sessions...
2024-04-01 09:33:32.445 INFO  org.apache.shiro.session.mgt.AbstractValidatingSessionManager Line:308 - Finished session validation.  No sessions were stopped.
2024-04-01 19:59:01.092 INFO  com.smart.Application Line:55  - Starting Application on LAPTOP-S5M8C7T9 with PID 20608 (D:\Desktop\毕设源码\01 源码\smart-parking\target\classes started by 1510 in D:\Desktop\毕设源码\01 源码\smart-parking)
2024-04-01 19:59:01.094 INFO  com.smart.Application Line:655 - The following profiles are active: dev
2024-04-01 19:59:03.158 INFO  org.apache.catalina.core.StandardService Line:173 - Starting service [Tomcat]
2024-04-01 19:59:03.160 INFO  org.apache.catalina.core.StandardEngine Line:173 - Starting Servlet engine: [Apache Tomcat/9.0.33]
2024-04-01 19:59:03.247 INFO  org.apache.catalina.core.ContainerBase.[Tomcat].[localhost].[/] Line:173 - Initializing Spring embedded WebApplicationContext
2024-04-01 19:59:06.217 INFO  com.smart.Application Line:61  - Started Application in 5.684 seconds (JVM running for 6.899)
2024-04-01 19:59:06.219 INFO  com.smart.Application Line:29  - 智慧停车场管理平台
2024-04-01 19:59:16.043 INFO  org.apache.catalina.core.ContainerBase.[Tomcat].[localhost].[/] Line:173 - Initializing Spring DispatcherServlet 'dispatcherServlet'
2024-04-01 19:59:16.073 INFO  org.apache.shiro.session.mgt.AbstractValidatingSessionManager Line:233 - Enabling session validation scheduler...
2024-04-01 20:59:16.081 INFO  org.apache.shiro.session.mgt.AbstractValidatingSessionManager Line:275 - Validating all active sessions...
2024-04-01 20:59:16.082 INFO  org.apache.shiro.session.mgt.AbstractValidatingSessionManager Line:308 - Finished session validation.  No sessions were stopped.
2024-04-01 21:59:16.076 INFO  org.apache.shiro.session.mgt.AbstractValidatingSessionManager Line:275 - Validating all active sessions...
2024-04-01 21:59:16.077 INFO  org.apache.shiro.session.mgt.AbstractValidatingSessionManager Line:308 - Finished session validation.  No sessions were stopped.
