2024-03-31 00:37:50.612 INFO  org.apache.shiro.session.mgt.AbstractValidatingSessionManager Line:275 - Validating all active sessions...
2024-03-31 00:37:50.947 INFO  org.apache.shiro.session.mgt.AbstractValidatingSessionManager Line:308 - Finished session validation.  No sessions were stopped.
2024-03-31 01:37:50.615 INFO  org.apache.shiro.session.mgt.AbstractValidatingSessionManager Line:275 - Validating all active sessions...
2024-03-31 01:37:50.615 INFO  org.apache.shiro.session.mgt.AbstractValidatingSessionManager Line:308 - Finished session validation.  No sessions were stopped.
2024-03-31 02:37:50.605 INFO  org.apache.shiro.session.mgt.AbstractValidatingSessionManager Line:275 - Validating all active sessions...
2024-03-31 02:37:50.605 INFO  org.apache.shiro.session.mgt.AbstractValidatingSessionManager Line:308 - Finished session validation.  No sessions were stopped.
2024-03-31 03:37:50.617 INFO  org.apache.shiro.session.mgt.AbstractValidatingSessionManager Line:275 - Validating all active sessions...
2024-03-31 03:37:50.618 INFO  org.apache.shiro.session.mgt.AbstractValidatingSessionManager Line:308 - Finished session validation.  No sessions were stopped.
2024-03-31 04:37:50.611 INFO  org.apache.shiro.session.mgt.AbstractValidatingSessionManager Line:275 - Validating all active sessions...
2024-03-31 04:37:50.611 INFO  org.apache.shiro.session.mgt.AbstractValidatingSessionManager Line:308 - Finished session validation.  No sessions were stopped.
2024-03-31 05:37:50.615 INFO  org.apache.shiro.session.mgt.AbstractValidatingSessionManager Line:275 - Validating all active sessions...
2024-03-31 05:37:50.615 INFO  org.apache.shiro.session.mgt.AbstractValidatingSessionManager Line:308 - Finished session validation.  No sessions were stopped.
2024-03-31 06:37:50.606 INFO  org.apache.shiro.session.mgt.AbstractValidatingSessionManager Line:275 - Validating all active sessions...
2024-03-31 06:37:50.606 INFO  org.apache.shiro.session.mgt.AbstractValidatingSessionManager Line:308 - Finished session validation.  No sessions were stopped.
2024-03-31 07:37:50.614 INFO  org.apache.shiro.session.mgt.AbstractValidatingSessionManager Line:275 - Validating all active sessions...
2024-03-31 07:37:50.614 INFO  org.apache.shiro.session.mgt.AbstractValidatingSessionManager Line:308 - Finished session validation.  No sessions were stopped.
2024-03-31 08:37:50.612 INFO  org.apache.shiro.session.mgt.AbstractValidatingSessionManager Line:275 - Validating all active sessions...
2024-03-31 08:37:50.612 INFO  org.apache.shiro.session.mgt.AbstractValidatingSessionManager Line:308 - Finished session validation.  No sessions were stopped.
2024-03-31 09:37:50.610 INFO  org.apache.shiro.session.mgt.AbstractValidatingSessionManager Line:275 - Validating all active sessions...
2024-03-31 09:37:50.610 INFO  org.apache.shiro.session.mgt.AbstractValidatingSessionManager Line:308 - Finished session validation.  No sessions were stopped.
2024-03-31 10:37:50.612 INFO  org.apache.shiro.session.mgt.AbstractValidatingSessionManager Line:275 - Validating all active sessions...
2024-03-31 10:37:50.612 INFO  org.apache.shiro.session.mgt.AbstractValidatingSessionManager Line:308 - Finished session validation.  No sessions were stopped.
2024-03-31 11:37:50.605 INFO  org.apache.shiro.session.mgt.AbstractValidatingSessionManager Line:275 - Validating all active sessions...
2024-03-31 11:37:50.607 INFO  org.apache.shiro.session.mgt.AbstractValidatingSessionManager Line:308 - Finished session validation.  No sessions were stopped.
2024-03-31 12:37:50.603 INFO  org.apache.shiro.session.mgt.AbstractValidatingSessionManager Line:275 - Validating all active sessions...
2024-03-31 12:37:50.603 INFO  org.apache.shiro.session.mgt.AbstractValidatingSessionManager Line:308 - Finished session validation.  No sessions were stopped.
2024-03-31 13:37:50.609 INFO  org.apache.shiro.session.mgt.AbstractValidatingSessionManager Line:275 - Validating all active sessions...
2024-03-31 13:37:50.611 INFO  org.apache.shiro.session.mgt.AbstractValidatingSessionManager Line:308 - Finished session validation.  No sessions were stopped.
2024-03-31 14:37:50.614 INFO  org.apache.shiro.session.mgt.AbstractValidatingSessionManager Line:275 - Validating all active sessions...
2024-03-31 14:37:50.614 INFO  org.apache.shiro.session.mgt.AbstractValidatingSessionManager Line:308 - Finished session validation.  No sessions were stopped.
2024-03-31 15:37:50.611 INFO  org.apache.shiro.session.mgt.AbstractValidatingSessionManager Line:275 - Validating all active sessions...
2024-03-31 15:37:50.612 INFO  org.apache.shiro.session.mgt.AbstractValidatingSessionManager Line:308 - Finished session validation.  No sessions were stopped.
2024-03-31 16:32:40.251 INFO  com.smart.Application Line:55  - Starting Application on LAPTOP-S5M8C7T9 with PID 10656 (D:\Desktop\毕设源码\01 源码\smart-parking\target\classes started by 1510 in D:\Desktop\毕设源码\01 源码\smart-parking)
2024-03-31 16:32:40.251 INFO  com.smart.Application Line:655 - The following profiles are active: dev
2024-03-31 16:32:42.281 INFO  org.apache.catalina.core.StandardService Line:173 - Starting service [Tomcat]
2024-03-31 16:32:42.281 INFO  org.apache.catalina.core.StandardEngine Line:173 - Starting Servlet engine: [Apache Tomcat/9.0.33]
2024-03-31 16:32:42.366 INFO  org.apache.catalina.core.ContainerBase.[Tomcat].[localhost].[/] Line:173 - Initializing Spring embedded WebApplicationContext
2024-03-31 16:32:45.669 INFO  org.apache.catalina.core.StandardService Line:173 - Stopping service [Tomcat]
2024-03-31 16:33:20.850 INFO  com.smart.Application Line:55  - Starting Application on LAPTOP-S5M8C7T9 with PID 17820 (D:\Desktop\毕设源码\01 源码\smart-parking\target\classes started by 1510 in D:\Desktop\毕设源码\01 源码\smart-parking)
2024-03-31 16:33:20.852 INFO  com.smart.Application Line:655 - The following profiles are active: dev
2024-03-31 16:33:22.875 INFO  org.apache.catalina.core.StandardService Line:173 - Starting service [Tomcat]
2024-03-31 16:33:22.876 INFO  org.apache.catalina.core.StandardEngine Line:173 - Starting Servlet engine: [Apache Tomcat/9.0.33]
2024-03-31 16:33:22.966 INFO  org.apache.catalina.core.ContainerBase.[Tomcat].[localhost].[/] Line:173 - Initializing Spring embedded WebApplicationContext
2024-03-31 16:33:25.826 INFO  com.smart.Application Line:61  - Started Application in 5.478 seconds (JVM running for 6.593)
2024-03-31 16:33:25.828 INFO  com.smart.Application Line:29  - 智慧停车场管理平台
2024-03-31 16:33:32.430 INFO  org.apache.catalina.core.ContainerBase.[Tomcat].[localhost].[/] Line:173 - Initializing Spring DispatcherServlet 'dispatcherServlet'
2024-03-31 16:33:32.449 INFO  org.apache.shiro.session.mgt.AbstractValidatingSessionManager Line:233 - Enabling session validation scheduler...
2024-03-31 17:33:32.456 INFO  org.apache.shiro.session.mgt.AbstractValidatingSessionManager Line:275 - Validating all active sessions...
2024-03-31 17:33:32.457 INFO  org.apache.shiro.session.mgt.AbstractValidatingSessionManager Line:308 - Finished session validation.  No sessions were stopped.
2024-03-31 18:36:54.072 INFO  org.apache.shiro.session.mgt.AbstractValidatingSessionManager Line:275 - Validating all active sessions...
2024-03-31 18:36:54.076 INFO  org.apache.shiro.session.mgt.AbstractValidatingSessionManager Line:308 - Finished session validation.  [1] sessions were stopped.
2024-03-31 19:33:32.445 INFO  org.apache.shiro.session.mgt.AbstractValidatingSessionManager Line:275 - Validating all active sessions...
2024-03-31 19:33:32.448 INFO  org.apache.shiro.session.mgt.AbstractValidatingSessionManager Line:308 - Finished session validation.  No sessions were stopped.
2024-03-31 20:33:32.454 INFO  org.apache.shiro.session.mgt.AbstractValidatingSessionManager Line:275 - Validating all active sessions...
2024-03-31 20:33:32.455 INFO  org.apache.shiro.session.mgt.AbstractValidatingSessionManager Line:308 - Finished session validation.  No sessions were stopped.
2024-03-31 21:33:32.443 INFO  org.apache.shiro.session.mgt.AbstractValidatingSessionManager Line:275 - Validating all active sessions...
2024-03-31 21:33:32.445 INFO  org.apache.shiro.session.mgt.AbstractValidatingSessionManager Line:308 - Finished session validation.  No sessions were stopped.
2024-03-31 22:33:32.450 INFO  org.apache.shiro.session.mgt.AbstractValidatingSessionManager Line:275 - Validating all active sessions...
2024-03-31 22:33:32.451 INFO  org.apache.shiro.session.mgt.AbstractValidatingSessionManager Line:308 - Finished session validation.  No sessions were stopped.
2024-03-31 23:33:32.442 INFO  org.apache.shiro.session.mgt.AbstractValidatingSessionManager Line:275 - Validating all active sessions...
2024-03-31 23:33:32.443 INFO  org.apache.shiro.session.mgt.AbstractValidatingSessionManager Line:308 - Finished session validation.  No sessions were stopped.
